10/29/24 10:54:23 ******************************************************
10/29/24 10:54:23 ** condor_scheduniv_exec.584.0 (CONDOR_DAGMAN) STARTING UP
10/29/24 10:54:23 ** /usr/bin/condor_dagman
10/29/24 10:54:23 ** SubsystemInfo: name=DAGMAN type=DAGMAN(9) class=CLIENT(2)
10/29/24 10:54:23 ** Configuration: subsystem:DAGMAN local:<NONE> class:CLIENT
10/29/24 10:54:23 ** $CondorVersion: 23.9.6 2024-08-08 BuildID: 748275 PackageID: 23.9.6-1.1 GitSHA: dfdd9eaa $
10/29/24 10:54:23 ** $CondorPlatform: X86_64-Ubuntu_22.04 $
10/29/24 10:54:23 ** PID = 86541 RealUID = 1000
10/29/24 10:54:23 ** Log last touched time unavailable (No such file or directory)
10/29/24 10:54:23 ******************************************************
10/29/24 10:54:23 Using config source: /etc/condor/condor_config
10/29/24 10:54:23 Using local config sources: 
10/29/24 10:54:23    /etc/condor/config.d/00-htcondor-9.0.config
10/29/24 10:54:23    /etc/condor/config.d/00-minicondor
10/29/24 10:54:23    /etc/condor/config.d/10-stash-plugin.conf
10/29/24 10:54:23    /etc/condor/condor_config.local
10/29/24 10:54:23 config Macros = 85, Sorted = 85, StringBytes = 2540, TablesBytes = 3124
10/29/24 10:54:23 CLASSAD_CACHING is ENABLED
10/29/24 10:54:23 Daemon Log is logging: D_ALWAYS D_ERROR D_STATUS
10/29/24 10:54:23 DaemonCore: No command port requested.
10/29/24 10:54:23 DAGMAN_USE_STRICT setting: 1
10/29/24 10:54:23 DAGMAN_VERBOSITY setting: 3
10/29/24 10:54:23 DAGMAN_DEBUG_CACHE_SIZE setting: 5242880
10/29/24 10:54:23 DAGMAN_DEBUG_CACHE_ENABLE setting: False
10/29/24 10:54:23 DAGMAN_SUBMIT_DELAY setting: 0
10/29/24 10:54:23 DAGMAN_MAX_SUBMIT_ATTEMPTS setting: 6
10/29/24 10:54:23 DAGMAN_STARTUP_CYCLE_DETECT setting: False
10/29/24 10:54:23 DAGMAN_MAX_SUBMITS_PER_INTERVAL setting: 100
10/29/24 10:54:23 DAGMAN_AGGRESSIVE_SUBMIT setting: False
10/29/24 10:54:23 DAGMAN_USER_LOG_SCAN_INTERVAL setting: 5
10/29/24 10:54:23 DAGMAN_QUEUE_UPDATE_INTERVAL setting: 300
10/29/24 10:54:23 DAGMAN_DEFAULT_PRIORITY setting: 0
10/29/24 10:54:23 DAGMAN_SUPPRESS_NOTIFICATION setting: False
10/29/24 10:54:23 allow_events (DAGMAN_ALLOW_EVENTS) setting: 114
10/29/24 10:54:23 DAGMAN_RETRY_SUBMIT_FIRST setting: True
10/29/24 10:54:23 DAGMAN_RETRY_NODE_FIRST setting: False
10/29/24 10:54:23 DAGMAN_MAX_JOBS_IDLE setting: 1000
10/29/24 10:54:23 DAGMAN_MAX_JOBS_SUBMITTED setting: 0
10/29/24 10:54:23 DAGMAN_MAX_PRE_SCRIPTS setting: 20
10/29/24 10:54:23 DAGMAN_MAX_POST_SCRIPTS setting: 20
10/29/24 10:54:23 DAGMAN_MAX_HOLD_SCRIPTS setting: 20
10/29/24 10:54:23 DAGMAN_MUNGE_NODE_NAMES setting: True
10/29/24 10:54:23 DAGMAN_PROHIBIT_MULTI_JOBS setting: False
10/29/24 10:54:23 DAGMAN_SUBMIT_DEPTH_FIRST setting: False
10/29/24 10:54:23 DAGMAN_ALWAYS_RUN_POST setting: False
10/29/24 10:54:23 DAGMAN_CONDOR_SUBMIT_EXE setting: /usr/bin/condor_submit
10/29/24 10:54:23 DAGMAN_CONDOR_RM_EXE setting: /usr/bin/condor_rm
10/29/24 10:54:23 DAGMAN_USE_DIRECT_SUBMIT setting: True
10/29/24 10:54:23 DAGMAN_PRODUCE_JOB_CREDENTIALS setting: True
10/29/24 10:54:23 DAGMAN_DEFAULT_APPEND_VARS setting: False
10/29/24 10:54:23 DAGMAN_ABORT_DUPLICATES setting: True
10/29/24 10:54:23 DAGMAN_ABORT_ON_SCARY_SUBMIT setting: True
10/29/24 10:54:23 DAGMAN_PENDING_REPORT_INTERVAL setting: 600
10/29/24 10:54:23 DAGMAN_CHECK_QUEUE_INTERVAL setting: 28800
10/29/24 10:54:23 DAGMAN_AUTO_RESCUE setting: True
10/29/24 10:54:23 DAGMAN_MAX_RESCUE_NUM setting: 100
10/29/24 10:54:23 DAGMAN_WRITE_PARTIAL_RESCUE setting: True
10/29/24 10:54:23 DAGMAN_DEFAULT_NODE_LOG setting: @(DAG_DIR)/@(DAG_FILE).nodes.log
10/29/24 10:54:23 DAGMAN_GENERATE_SUBDAG_SUBMITS setting: True
10/29/24 10:54:23 DAGMAN_MAX_JOB_HOLDS setting: 100
10/29/24 10:54:23 DAGMAN_HOLD_CLAIM_TIME setting: 20
10/29/24 10:54:23 DAGMAN_SUPPRESS_JOB_LOGS setting: False
10/29/24 10:54:23 DAGMAN_REMOVE_NODE_JOBS setting: True
10/29/24 10:54:23 DAGMAN_REMOVE_JOBS_AFTER_LIMIT_CHANGE setting: False
10/29/24 10:54:23 DAGMAN will adjust edges after parsing
10/29/24 10:54:23 argv[0] == "condor_scheduniv_exec.584.0"
10/29/24 10:54:23 argv[1] == "-Lockfile"
10/29/24 10:54:23 argv[2] == "Generic_Run_Step.dag.lock"
10/29/24 10:54:23 argv[3] == "-Dag"
10/29/24 10:54:23 argv[4] == "Generic_Run_Step.dag"
10/29/24 10:54:23 argv[5] == "-MaxIdle"
10/29/24 10:54:23 argv[6] == "1000"
10/29/24 10:54:23 argv[7] == "-CsdVersion"
10/29/24 10:54:23 argv[8] == "$CondorVersion: 23.9.6 2024-08-08 BuildID: 748275 PackageID: 23.9.6-1.1 GitSHA: dfdd9eaa $"
10/29/24 10:54:23 argv[9] == "-dagman"
10/29/24 10:54:23 argv[10] == "/usr/bin/condor_dagman"
10/29/24 10:54:23 argv[11] == "-AutoRescue"
10/29/24 10:54:23 argv[12] == "1"
10/29/24 10:54:23 argv[13] == "-DoRescueFrom"
10/29/24 10:54:23 argv[14] == "0"
10/29/24 10:54:23 Workflow batch-id: <584.0>
10/29/24 10:54:23 Workflow batch-name: <Generic_Run_Step.dag+584>
10/29/24 10:54:23 Workflow accounting_group: <>
10/29/24 10:54:23 Workflow accounting_group_user: <>
10/29/24 10:54:23 Warning: failed to get attribute DAGNodeName
10/29/24 10:54:23 DAGMAN_LOG_ON_NFS_IS_ERROR setting: False
10/29/24 10:54:23 Default node log file is: </home/jakeymac/bba273e5edb84934b0421b4972516ed3/./Generic_Run_Step.dag.nodes.log>
10/29/24 10:54:23 DAG Lockfile will be written to Generic_Run_Step.dag.lock
10/29/24 10:54:23 DAG Input file is Generic_Run_Step.dag
10/29/24 10:54:23 Parsing 1 dagfiles
10/29/24 10:54:23 Parsing Generic_Run_Step.dag ...
10/29/24 10:54:23 Adjusting edges
10/29/24 10:54:23 Warning: category generic_job has no throttle value set
10/29/24 10:54:23 Dag contains 3 total jobs
10/29/24 10:54:23 Bootstrapping...
10/29/24 10:54:23 Number of pre-completed nodes: 0
10/29/24 10:54:23 MultiLogFiles: truncating log file /home/jakeymac/bba273e5edb84934b0421b4972516ed3/./Generic_Run_Step.dag.nodes.log
10/29/24 10:54:23 DAG status: 0 (DAG_STATUS_OK)
10/29/24 10:54:23 Of 3 nodes total:
10/29/24 10:54:23  Done     Pre   Queued    Post   Ready   Un-Ready   Failed   Futile
10/29/24 10:54:23   ===     ===      ===     ===     ===        ===      ===      ===
10/29/24 10:54:23     0       0        0       0       1          2        0        0
10/29/24 10:54:23 0 job proc(s) currently held
10/29/24 10:54:23 DAGMan Runtime Statistics: [EventCycleTimeCount = 0.0; EventCycleTimeSum = 0.0; LogProcessCycleTimeCount = 0.0; LogProcessCycleTimeSum = 0.0; SleepCycleTimeCount = 0.0; SleepCycleTimeSum = 0.0; SubmitCycleTimeCount = 0.0; SubmitCycleTimeSum = 0.0; ]
10/29/24 10:54:23 Registering condor_event_timer...
10/29/24 10:54:24 Submitting HTCondor Node run_test job(s)...
10/29/24 10:54:24 Submitting node run_test from file run_test/run_test.job using direct job submission
10/29/24 10:54:24 	assigned HTCondor ID (585.0.0)
10/29/24 10:54:24 Just submitted 1 job this cycle...
10/29/24 10:54:24 DAG status: 0 (DAG_STATUS_OK)
10/29/24 10:54:24 Of 3 nodes total:
10/29/24 10:54:24  Done     Pre   Queued    Post   Ready   Un-Ready   Failed   Futile
10/29/24 10:54:24   ===     ===      ===     ===     ===        ===      ===      ===
10/29/24 10:54:24     0       0        1       0       0          2        0        0
10/29/24 10:54:24 0 job proc(s) currently held
10/29/24 10:54:24 DAGMan Runtime Statistics: [EventCycleTimeCount = 0.0; EventCycleTimeSum = 0.0; LogProcessCycleTimeCount = 0.0; LogProcessCycleTimeSum = 0.0; SleepCycleTimeCount = 0.0; SleepCycleTimeSum = 0.0; SubmitCycleTimeAvg = 0.0105891227722168; SubmitCycleTimeCount = 1.0; SubmitCycleTimeMax = 0.0105891227722168; SubmitCycleTimeMin = 0.0105891227722168; SubmitCycleTimeStd = 0.0105891227722168; SubmitCycleTimeSum = 0.0105891227722168; ]
10/29/24 10:54:29 Currently monitoring 1 HTCondor log file(s)
10/29/24 10:54:29 Reassigning the id of job run_test from (585.0.0) to (585.0.0)
10/29/24 10:54:29 Event: ULOG_SUBMIT for HTCondor Node run_test (585.0.0) {10/29/24 10:54:24}
10/29/24 10:54:29 Number of idle job procs: 1
10/29/24 10:54:34 Currently monitoring 1 HTCondor log file(s)
10/29/24 10:54:34 Event: ULOG_EXECUTE for HTCondor Node run_test (585.0.0) {10/29/24 10:54:29}
10/29/24 10:54:34 Number of idle job procs: 0
10/29/24 10:54:34 Event: ULOG_JOB_TERMINATED for HTCondor Node run_test (585.0.0) {10/29/24 10:54:30}
10/29/24 10:54:34 Number of idle job procs: 0
10/29/24 10:54:34 Node run_test job proc (585.0.0) completed successfully.
10/29/24 10:54:34 Node run_test job completed
10/29/24 10:54:34 DAG status: 0 (DAG_STATUS_OK)
10/29/24 10:54:34 Of 3 nodes total:
10/29/24 10:54:34  Done     Pre   Queued    Post   Ready   Un-Ready   Failed   Futile
10/29/24 10:54:34   ===     ===      ===     ===     ===        ===      ===      ===
10/29/24 10:54:34     1       0        0       0       1          1        0        0
10/29/24 10:54:34 0 job proc(s) currently held
10/29/24 10:54:34 DAGMan Runtime Statistics: [EventCycleTimeAvg = 0.005384087562561035; EventCycleTimeCount = 2.0; EventCycleTimeMax = 0.01067113876342773; EventCycleTimeMin = 9.703636169433594E-05; EventCycleTimeStd = 0.007477019513226645; EventCycleTimeSum = 0.01076817512512207; LogProcessCycleTimeAvg = 0.0001235008239746094; LogProcessCycleTimeCount = 2.0; LogProcessCycleTimeMax = 0.0001621246337890625; LogProcessCycleTimeMin = 8.487701416015625E-05; LogProcessCycleTimeStd = 5.462231567011867E-05; LogProcessCycleTimeSum = 0.0002470016479492188; SleepCycleTimeAvg = 5.0051589012146; SleepCycleTimeCount = 2.0; SleepCycleTimeMax = 5.005224943161011; SleepCycleTimeMin = 5.005092859268188; SleepCycleTimeStd = 9.339741630014117E-05; SleepCycleTimeSum = 10.0103178024292; SubmitCycleTimeAvg = 0.003530661265055338; SubmitCycleTimeCount = 3.0; SubmitCycleTimeMax = 0.0105891227722168; SubmitCycleTimeMin = 9.5367431640625E-07; SubmitCycleTimeStd = 0.006112806995434559; SubmitCycleTimeSum = 0.01059198379516602; ]
10/29/24 10:54:39 Submitting HTCondor Node post_processing job(s)...
10/29/24 10:54:39 Submitting node post_processing from file post_processing/post_processing.job using direct job submission
10/29/24 10:54:39 	assigned HTCondor ID (586.0.0)
10/29/24 10:54:39 Just submitted 1 job this cycle...
10/29/24 10:54:39 DAG status: 0 (DAG_STATUS_OK)
10/29/24 10:54:39 Of 3 nodes total:
10/29/24 10:54:39  Done     Pre   Queued    Post   Ready   Un-Ready   Failed   Futile
10/29/24 10:54:39   ===     ===      ===     ===     ===        ===      ===      ===
10/29/24 10:54:39     1       0        1       0       0          1        0        0
10/29/24 10:54:39 0 job proc(s) currently held
10/29/24 10:54:39 DAGMan Runtime Statistics: [EventCycleTimeAvg = 0.003670374552408854; EventCycleTimeCount = 3.0; EventCycleTimeMax = 0.01067113876342773; EventCycleTimeMin = 9.703636169433594E-05; EventCycleTimeStd = 0.006063278588691151; EventCycleTimeSum = 0.01101112365722656; LogProcessCycleTimeAvg = 0.0001235008239746094; LogProcessCycleTimeCount = 2.0; LogProcessCycleTimeMax = 0.0001621246337890625; LogProcessCycleTimeMin = 8.487701416015625E-05; LogProcessCycleTimeStd = 5.462231567011867E-05; LogProcessCycleTimeSum = 0.0002470016479492188; SleepCycleTimeAvg = 5.005168994267781; SleepCycleTimeCount = 3.0; SleepCycleTimeMax = 5.005224943161011; SleepCycleTimeMin = 5.005092859268188; SleepCycleTimeStd = 6.831654427624918E-05; SleepCycleTimeSum = 15.01550698280334; SubmitCycleTimeAvg = 0.006375014781951904; SubmitCycleTimeCount = 4.0; SubmitCycleTimeMax = 0.0149080753326416; SubmitCycleTimeMin = 9.5367431640625E-07; SubmitCycleTimeStd = 0.007567848260367665; SubmitCycleTimeSum = 0.02550005912780762; ]
10/29/24 10:54:44 Currently monitoring 1 HTCondor log file(s)
10/29/24 10:54:44 Reassigning the id of job post_processing from (586.0.0) to (586.0.0)
10/29/24 10:54:44 Event: ULOG_SUBMIT for HTCondor Node post_processing (586.0.0) {10/29/24 10:54:39}
10/29/24 10:54:44 Number of idle job procs: 1
10/29/24 10:54:44 Event: ULOG_EXECUTE for HTCondor Node post_processing (586.0.0) {10/29/24 10:54:40}
10/29/24 10:54:44 Number of idle job procs: 0
10/29/24 10:54:44 Event: ULOG_JOB_TERMINATED for HTCondor Node post_processing (586.0.0) {10/29/24 10:54:41}
10/29/24 10:54:44 Number of idle job procs: 0
10/29/24 10:54:44 Node post_processing job proc (586.0.0) completed successfully.
10/29/24 10:54:44 Node post_processing job completed
10/29/24 10:54:44 DAG status: 0 (DAG_STATUS_OK)
10/29/24 10:54:44 Of 3 nodes total:
10/29/24 10:54:44  Done     Pre   Queued    Post   Ready   Un-Ready   Failed   Futile
10/29/24 10:54:44   ===     ===      ===     ===     ===        ===      ===      ===
10/29/24 10:54:44     2       0        0       0       1          0        0        0
10/29/24 10:54:44 0 job proc(s) currently held
10/29/24 10:54:44 DAGMan Runtime Statistics: [EventCycleTimeAvg = 0.006505250930786133; EventCycleTimeCount = 4.0; EventCycleTimeMax = 0.01500988006591797; EventCycleTimeMin = 9.703636169433594E-05; EventCycleTimeStd = 0.007526951207856091; EventCycleTimeSum = 0.02602100372314453; LogProcessCycleTimeAvg = 0.0001452763875325521; LogProcessCycleTimeCount = 3.0; LogProcessCycleTimeMax = 0.0001888275146484375; LogProcessCycleTimeMin = 8.487701416015625E-05; LogProcessCycleTimeStd = 5.398448100501707E-05; LogProcessCycleTimeSum = 0.0004358291625976562; SleepCycleTimeAvg = 5.005151748657227; SleepCycleTimeCount = 4.0; SleepCycleTimeMax = 5.005224943161011; SleepCycleTimeMin = 5.005092859268188; SleepCycleTimeStd = 6.558259095148136E-05; SleepCycleTimeSum = 20.02060699462891; SubmitCycleTimeAvg = 0.005100440979003906; SubmitCycleTimeCount = 5.0; SubmitCycleTimeMax = 0.0149080753326416; SubmitCycleTimeMin = 9.5367431640625E-07; SubmitCycleTimeStd = 0.007146813091495331; SubmitCycleTimeSum = 0.02550220489501953; ]
10/29/24 10:54:49 Submitting HTCondor Node finalize job(s)...
10/29/24 10:54:49 Submitting node finalize from file finalize/finalize.job using direct job submission
10/29/24 10:54:49 	assigned HTCondor ID (587.0.0)
10/29/24 10:54:49 Just submitted 1 job this cycle...
10/29/24 10:54:49 DAG status: 0 (DAG_STATUS_OK)
10/29/24 10:54:49 Of 3 nodes total:
10/29/24 10:54:49  Done     Pre   Queued    Post   Ready   Un-Ready   Failed   Futile
10/29/24 10:54:49   ===     ===      ===     ===     ===        ===      ===      ===
10/29/24 10:54:49     2       0        1       0       0          0        0        0
10/29/24 10:54:49 0 job proc(s) currently held
10/29/24 10:54:49 DAGMan Runtime Statistics: [EventCycleTimeAvg = 0.005261802673339843; EventCycleTimeCount = 5.0; EventCycleTimeMax = 0.01500988006591797; EventCycleTimeMin = 9.703636169433594E-05; EventCycleTimeStd = 0.007086752691382406; EventCycleTimeSum = 0.02630901336669922; LogProcessCycleTimeAvg = 0.0001452763875325521; LogProcessCycleTimeCount = 3.0; LogProcessCycleTimeMax = 0.0001888275146484375; LogProcessCycleTimeMin = 8.487701416015625E-05; LogProcessCycleTimeStd = 5.398448100501707E-05; LogProcessCycleTimeSum = 0.0004358291625976562; SleepCycleTimeAvg = 5.004474020004272; SleepCycleTimeCount = 5.0; SleepCycleTimeMax = 5.005224943161011; SleepCycleTimeMin = 5.001763105392456; SleepCycleTimeStd = 0.001516511273635109; SleepCycleTimeSum = 25.02237010002136; SubmitCycleTimeAvg = 0.006319681803385417; SubmitCycleTimeCount = 6.0; SubmitCycleTimeMax = 0.0149080753326416; SubmitCycleTimeMin = 9.5367431640625E-07; SubmitCycleTimeStd = 0.007055553771239098; SubmitCycleTimeSum = 0.0379180908203125; ]
10/29/24 10:54:55 Currently monitoring 1 HTCondor log file(s)
10/29/24 10:54:55 Reassigning the id of job finalize from (587.0.0) to (587.0.0)
10/29/24 10:54:55 Event: ULOG_SUBMIT for HTCondor Node finalize (587.0.0) {10/29/24 10:54:49}
10/29/24 10:54:55 Number of idle job procs: 1
10/29/24 10:54:55 Event: ULOG_EXECUTE for HTCondor Node finalize (587.0.0) {10/29/24 10:54:50}
10/29/24 10:54:55 Number of idle job procs: 0
