000 (585.000.000) 2024-10-29 10:54:24 Job submitted from host: <127.0.0.1:9618?addrs=127.0.0.1-9618&alias=Uvs-Nuur.aquaveo.local&noUDP&sock=schedd_125137_26eb>
    DAG Node: run_test
...
001 (585.000.000) 2024-10-29 10:54:29 Job executing on host: <127.0.0.1:9618?addrs=127.0.0.1-9618&alias=Uvs-Nuur.aquaveo.local&noUDP&sock=startd_125137_26eb>
	SlotName: slot1_1@Uvs-Nuur.aquaveo.local
	CondorScratchDir = "/var/lib/condor/execute/dir_86621"
	Cpus = 1
	Disk = 2048
	GPUs = 0
	Memory = 128
...
005 (585.000.000) 2024-10-29 10:54:30 Job terminated.
	(1) Normal termination (return value 0)
		Usr 0 00:00:00, Sys 0 00:00:00  -  Run Remote Usage
		Usr 0 00:00:00, Sys 0 00:00:00  -  Run Local Usage
		Usr 0 00:00:00, Sys 0 00:00:00  -  Total Remote Usage
		Usr 0 00:00:00, Sys 0 00:00:00  -  Total Local Usage
	9051  -  Run Bytes Sent By Job
	4552  -  Run Bytes Received By Job
	9051  -  Total Bytes Sent By Job
	4552  -  Total Bytes Received By Job
	Partitionable Resources :    Usage  Request Allocated 
	   Cpus                 :        0        1         1 
	   Disk (KB)            :       29       10      2048 
	   GPUs                 :                           0 
	   Memory (MB)          :        5        1       128 
	   TimeExecute (s)      :        1                    
	   TimeSlotBusy (s)     :        1                    

	Job terminated of its own accord at 2024-10-29T16:54:30Z with exit-code 0.
...
000 (586.000.000) 2024-10-29 10:54:39 Job submitted from host: <127.0.0.1:9618?addrs=127.0.0.1-9618&alias=Uvs-Nuur.aquaveo.local&noUDP&sock=schedd_125137_26eb>
    DAG Node: post_processing
...
001 (586.000.000) 2024-10-29 10:54:40 Job executing on host: <127.0.0.1:9618?addrs=127.0.0.1-9618&alias=Uvs-Nuur.aquaveo.local&noUDP&sock=startd_125137_26eb>
	SlotName: slot1_1@Uvs-Nuur.aquaveo.local
	CondorScratchDir = "/var/lib/condor/execute/dir_86708"
	Cpus = 1
	Disk = 2048
	GPUs = 0
	Memory = 128
...
005 (586.000.000) 2024-10-29 10:54:41 Job terminated.
	(1) Normal termination (return value 0)
		Usr 0 00:00:00, Sys 0 00:00:00  -  Run Remote Usage
		Usr 0 00:00:00, Sys 0 00:00:00  -  Run Local Usage
		Usr 0 00:00:00, Sys 0 00:00:00  -  Total Remote Usage
		Usr 0 00:00:00, Sys 0 00:00:00  -  Total Local Usage
	10985  -  Run Bytes Sent By Job
	7149  -  Run Bytes Received By Job
	10985  -  Total Bytes Sent By Job
	7149  -  Total Bytes Received By Job
	Partitionable Resources :    Usage  Request Allocated 
	   Cpus                 :        0        1         1 
	   Disk (KB)            :       34       10      2048 
	   GPUs                 :                           0 
	   Memory (MB)          :        5        1       128 
	   TimeExecute (s)      :        1                    
	   TimeSlotBusy (s)     :        2                    

	Job terminated of its own accord at 2024-10-29T16:54:41Z with exit-code 0.
...
000 (587.000.000) 2024-10-29 10:54:49 Job submitted from host: <127.0.0.1:9618?addrs=127.0.0.1-9618&alias=Uvs-Nuur.aquaveo.local&noUDP&sock=schedd_125137_26eb>
    DAG Node: finalize
...
001 (587.000.000) 2024-10-29 10:54:50 Job executing on host: <127.0.0.1:9618?addrs=127.0.0.1-9618&alias=Uvs-Nuur.aquaveo.local&noUDP&sock=startd_125137_26eb>
	SlotName: slot1_1@Uvs-Nuur.aquaveo.local
	CondorScratchDir = "/var/lib/condor/execute/dir_86786"
	Cpus = 1
	Disk = 2048
	GPUs = 0
	Memory = 128
...
005 (587.000.000) 2024-10-29 10:55:18 Job terminated.
	(1) Normal termination (return value 0)
		Usr 0 00:00:02, Sys 0 00:00:00  -  Run Remote Usage
		Usr 0 00:00:00, Sys 0 00:00:00  -  Run Local Usage
		Usr 0 00:00:02, Sys 0 00:00:00  -  Total Remote Usage
		Usr 0 00:00:00, Sys 0 00:00:00  -  Total Local Usage
	9415  -  Run Bytes Sent By Job
	9967  -  Run Bytes Received By Job
	9415  -  Total Bytes Sent By Job
	9967  -  Total Bytes Received By Job
	Partitionable Resources :    Usage  Request Allocated 
	   Cpus                 :     0.96        1         1 
	   Disk (KB)            :    35          12      2048 
	   GPUs                 :                           0 
	   Memory (MB)          :   182           1       128 
	   TimeExecute (s)      :    26                       
	   TimeSlotBusy (s)     :    29                       

	Job terminated of its own accord at 2024-10-29T16:55:16Z with exit-code 0.
...
