Given Arguments:
Namespace(db_url='postgresql://postgres:mysecretpassword@localhost:5432/whatever_you_want_whatever_you_want_db', workflow_id='d1843836-e584-4f09-87c7-c9f1e390b9c3', workflow_step_id='06d8f255-832c-4894-99df-ce575c6fc307', gs_private_url='http://admin:geoserver@localhost:8181/geoserver/rest/', gs_public_url='http://admin:geoserver@localhost:8181/geoserver/rest/', workflow_class='tethysapp.whatever_you_want.workflows.run_simulation.RunSimulationWorkflow', workflow_params_file='workflow_params.json', scenario_id=1, app_namespace='agwa')
Workflow Parameters:
{'DGeneric Boundary Input Step': {'help': 'Use the Point tool to define a '
                                          'boundary.',
                                  'id': '242793ca-a225-4ded-9bcf-0608ee05040d',
                                  'name': 'DGeneric Boundary Input Step',
                                  'parameters': {'geometry': {'crs': {'properties': {'name': 'EPSG:4326'},
                                                                      'type': 'name'},
                                                              'features': [{'geometry': {'coordinates': [[[-102.034892,
                                                                                                           42.626673],
                                                                                                          [-92.883234,
                                                                                                           35.872274],
                                                                                                          [-107.768918,
                                                                                                           39.974164],
                                                                                                          [-100.857707,
                                                                                                           39.389678],
                                                                                                          [-105.946181,
                                                                                                           41.555896],
                                                                                                          [-102.072865,
                                                                                                           41.470592],
                                                                                                          [-102.034892,
                                                                                                           42.626673]]],
                                                                                         'type': 'Polygon'},
                                                                            'properties': {'id': 'drawing_layer.46b723c8-32f7-4018-88d0-80580d9eafe3'},
                                                                            'type': 'Feature'}],
                                                              'properties': {'default_point': 'point'},
                                                              'type': 'FeatureCollection'},
                                                 'imagery': None},
                                  'type': 'spatial_input_workflow_step',
                                  'workflow_id': 'd1843836-e584-4f09-87c7-c9f1e390b9c3'},
 'Generic Dataset Input Step': {'help': 'Selec datasets here. Hold shift to '
                                        'select multiple datasets.',
                                'id': 'e39d0074-6743-4670-a539-c4d6774affde',
                                'name': 'Generic Dataset Input Step',
                                'parameters': {'form-values': {'raster_datasets': ['test_dataset_2:2']}},
                                'type': 'form_input_workflow_step',
                                'workflow_id': 'd1843836-e584-4f09-87c7-c9f1e390b9c3'},
 'Generic Point In Boundary STep': {'help': 'Use the Point tool to define a '
                                            'location or locations in the '
                                            'boundary.',
                                    'id': 'bf8f7e7f-319d-433e-87ac-56c8e5e98858',
                                    'name': 'Generic Point In Boundary STep',
                                    'parameters': {'geometry': {'crs': {'properties': {'name': 'EPSG:4326'},
                                                                        'type': 'name'},
                                                                'features': [{'geometry': {'coordinates': [-100.708605,
                                                                                                           38.875252],
                                                                                           'type': 'Point'},
                                                                              'properties': {'id': 'drawing_layer.fbc83aab-a1fc-41fd-b31a-3a1bd745c950'},
                                                                              'type': 'Feature'}],
                                                                'properties': {'default_point': 'point'},
                                                                'type': 'FeatureCollection'},
                                                   'imagery': None},
                                    'type': 'spatial_input_workflow_step',
                                    'workflow_id': 'd1843836-e584-4f09-87c7-c9f1e390b9c3'},
 'Generic Spatial Dataset Step': {'help': 'This step will be used to select a '
                                          'spatial dataset.',
                                  'id': '707d80ac-d5b7-4c5f-a00c-d0647754570e',
                                  'name': 'Generic Spatial Dataset Step',
                                  'parameters': {'datasets': {'drawing_layer.fbc83aab-a1fc-41fd-b31a-3a1bd745c950': {'Distance (ft)': [2.0,
                                                                                                                                       4.0],
                                                                                                                     'Time (min)': [1.0,
                                                                                                                                    3.0]}}},
                                  'type': 'spatial_dataset_workflow_step',
                                  'workflow_id': 'd1843836-e584-4f09-87c7-c9f1e390b9c3'},
 'Generic Spatial Input Step': {'help': 'Use the point tool to define a '
                                        'location. [CHANGE THIS HELP TEXT]',
                                'id': 'b242acfe-98b8-41c8-87f4-2fd55ae31794',
                                'name': 'Generic Spatial Input Step',
                                'parameters': {'geometry': {'crs': {'properties': {'name': 'EPSG:4326'},
                                                                    'type': 'name'},
                                                            'features': [{'geometry': {'coordinates': [-107.088184,
                                                                                                       35.950255],
                                                                                       'type': 'Point'},
                                                                          'properties': {'id': 'drawing_layer.49c31c73-1fb2-42c4-a337-f88b86dac36b',
                                                                                         'point_name': 'testJames'},
                                                                          'type': 'Feature'}],
                                                            'properties': {'default_point': 'point'},
                                                            'type': 'FeatureCollection'},
                                               'imagery': None},
                                'type': 'spatial_input_workflow_step',
                                'workflow_id': 'd1843836-e584-4f09-87c7-c9f1e390b9c3'},
 'Generic Table Input Step': {'help': 'Enter the following parameters for each '
                                      'dataset.',
                              'id': '969de8d0-65f4-4df8-b7ed-3639e6446952',
                              'name': 'Generic Table Input Step',
                              'parameters': {'dataset': {'X': ['1', '3'],
                                                         'Y': ['2', '4']}},
                              'type': 'table_input_step',
                              'workflow_id': 'd1843836-e584-4f09-87c7-c9f1e390b9c3'},
 'Set Status': {'help': 'Set the status of the workflow to ready to run.',
                'id': 'e6015efb-36d3-4d04-b838-cf2ac5640ba9',
                'name': 'Set Status',
                'parameters': {'comments': ''},
                'type': 'set_status_workflow_step',
                'workflow_id': 'd1843836-e584-4f09-87c7-c9f1e390b9c3'}}
Input Files: ['run_testJames_out.json']
Points:
{'crs': {'properties': {'name': 'EPSG:4326'}, 'type': 'name'},
 'features': [{'geometry': {'coordinates': [-107.088184, 35.950255],
                            'type': 'Point'},
               'properties': {'id': 'drawing_layer.49c31c73-1fb2-42c4-a337-f88b86dac36b',
                              'point_name': 'testJames'},
               'type': 'Feature'}],
 'properties': {'default_point': 'point'},
 'type': 'FeatureCollection'}
Series testJames:
{'name': 'testJames',
 'x': [1, 2, 3, 4, 5, 6, 7, 8, 9, 10],
 'y': [1, 2, 3, 4, 5, 6, 7, 8, 9, 10]}


Adding plot properties to GeoJSON features...
{'crs': {'properties': {'name': 'EPSG:4326'}, 'type': 'name'},
 'features': [{'geometry': {'coordinates': [-107.088184, 35.950255],
                            'type': 'Point'},
               'properties': {'id': 'drawing_layer.49c31c73-1fb2-42c4-a337-f88b86dac36b',
                              'plot': {'data': [{'name': 'testJames',
                                                 'x': [1, 2, 3, 4, 5, 6, 7, 8,
                                                       9, 10],
                                                 'y': [1, 2, 3, 4, 5, 6, 7, 8,
                                                       9, 10]}],
                                       'layout': {'autosize': True,
                                                  'height': 415,
                                                  'margin': {'b': 80,
                                                             'l': 80,
                                                             'r': 80,
                                                             't': 20},
                                                  'xaxis': {'title': 'X'},
                                                  'yaxis': {'range': [0, 12],
                                                            'title': 'Y'}},
                                       'title': 'Values for testJames'},
                              'point_name': 'testJames'},
               'type': 'Feature'}],
 'properties': {'default_point': 'point'},
 'type': 'FeatureCollection'}
Create result map layers...
Create series tables...
Adding series to plot...
Updating status...
Closing session...
Processing Complete
