000 (587.000.000) 2024-10-29 10:54:49 Job submitted from host: <127.0.0.1:9618?addrs=127.0.0.1-9618&alias=Uvs-Nuur.aquaveo.local&noUDP&sock=schedd_125137_26eb>
    DAG Node: finalize
...
040 (587.000.000) 2024-10-29 10:54:49 Started transferring input files
	Transferring to host: <127.0.0.1:9618?addrs=127.0.0.1-9618&alias=Uvs-Nuur.aquaveo.local&noUDP&sock=slot1_1_125208_1cdd_266>
...
040 (587.000.000) 2024-10-29 10:54:49 Finished transferring input files
...
001 (587.000.000) 2024-10-29 10:54:50 Job executing on host: <127.0.0.1:9618?addrs=127.0.0.1-9618&alias=Uvs-Nuur.aquaveo.local&noUDP&sock=startd_125137_26eb>
	SlotName: slot1_1@Uvs-Nuur.aquaveo.local
	CondorScratchDir = "/var/lib/condor/execute/dir_86786"
	Cpus = 1
	Disk = 2048
	GPUs = 0
	Memory = 128
...
006 (587.000.000) 2024-10-29 10:54:56 Image size of job updated: 421440
	182  -  MemoryUsage of job (MB)
	185404  -  ResidentSetSize of job (KB)
...
040 (587.000.000) 2024-10-29 10:55:18 Started transferring output files
...
040 (587.000.000) 2024-10-29 10:55:18 Finished transferring output files
...
005 (587.000.000) 2024-10-29 10:55:18 Job terminated.
	(1) Normal termination (return value 0)
		Usr 0 00:00:02, Sys 0 00:00:00  -  Run Remote Usage
		Usr 0 00:00:00, Sys 0 00:00:00  -  Run Local Usage
		Usr 0 00:00:02, Sys 0 00:00:00  -  Total Remote Usage
		Usr 0 00:00:00, Sys 0 00:00:00  -  Total Local Usage
	9415  -  Run Bytes Sent By Job
	9967  -  Run Bytes Received By Job
	9415  -  Total Bytes Sent By Job
	9967  -  Total Bytes Received By Job
	Partitionable Resources :    Usage  Request Allocated 
	   Cpus                 :     0.96        1         1 
	   Disk (KB)            :    35          12      2048 
	   GPUs                 :                           0 
	   Memory (MB)          :   182           1       128 
	   TimeExecute (s)      :    26                       
	   TimeSlotBusy (s)     :    29                       

	Job terminated of its own accord at 2024-10-29T16:55:16Z with exit-code 0.
...
