10/29/24 14:17:13 ******************************************************
10/29/24 14:17:13 ** condor_scheduniv_exec.621.0 (CONDOR_DAGMAN) STARTING UP
10/29/24 14:17:13 ** /usr/bin/condor_dagman
10/29/24 14:17:13 ** SubsystemInfo: name=DAGMAN type=DAGMAN(9) class=CLIENT(2)
10/29/24 14:17:13 ** Configuration: subsystem:DAGMAN local:<NONE> class:CLIENT
10/29/24 14:17:13 ** $CondorVersion: 23.9.6 2024-08-08 BuildID: 748275 PackageID: 23.9.6-1.1 GitSHA: dfdd9eaa $
10/29/24 14:17:13 ** $CondorPlatform: X86_64-Ubuntu_22.04 $
10/29/24 14:17:13 ** PID = 193182 RealUID = 1000
10/29/24 14:17:13 ** Log last touched time unavailable (No such file or directory)
10/29/24 14:17:13 ******************************************************
10/29/24 14:17:13 Using config source: /etc/condor/condor_config
10/29/24 14:17:13 Using local config sources: 
10/29/24 14:17:13    /etc/condor/config.d/00-htcondor-9.0.config
10/29/24 14:17:13    /etc/condor/config.d/00-minicondor
10/29/24 14:17:13    /etc/condor/config.d/10-stash-plugin.conf
10/29/24 14:17:13    /etc/condor/condor_config.local
10/29/24 14:17:13 config Macros = 85, Sorted = 85, StringBytes = 2542, TablesBytes = 3124
10/29/24 14:17:13 CLASSAD_CACHING is ENABLED
10/29/24 14:17:13 Daemon Log is logging: D_ALWAYS D_ERROR D_STATUS
10/29/24 14:17:13 DaemonCore: No command port requested.
10/29/24 14:17:13 DAGMAN_USE_STRICT setting: 1
10/29/24 14:17:13 DAGMAN_VERBOSITY setting: 3
10/29/24 14:17:13 DAGMAN_DEBUG_CACHE_SIZE setting: 5242880
10/29/24 14:17:13 DAGMAN_DEBUG_CACHE_ENABLE setting: False
10/29/24 14:17:13 DAGMAN_SUBMIT_DELAY setting: 0
10/29/24 14:17:13 DAGMAN_MAX_SUBMIT_ATTEMPTS setting: 6
10/29/24 14:17:13 DAGMAN_STARTUP_CYCLE_DETECT setting: False
10/29/24 14:17:13 DAGMAN_MAX_SUBMITS_PER_INTERVAL setting: 100
10/29/24 14:17:13 DAGMAN_AGGRESSIVE_SUBMIT setting: False
10/29/24 14:17:13 DAGMAN_USER_LOG_SCAN_INTERVAL setting: 5
10/29/24 14:17:13 DAGMAN_QUEUE_UPDATE_INTERVAL setting: 300
10/29/24 14:17:13 DAGMAN_DEFAULT_PRIORITY setting: 0
10/29/24 14:17:13 DAGMAN_SUPPRESS_NOTIFICATION setting: False
10/29/24 14:17:13 allow_events (DAGMAN_ALLOW_EVENTS) setting: 114
10/29/24 14:17:13 DAGMAN_RETRY_SUBMIT_FIRST setting: True
10/29/24 14:17:13 DAGMAN_RETRY_NODE_FIRST setting: False
10/29/24 14:17:13 DAGMAN_MAX_JOBS_IDLE setting: 1000
10/29/24 14:17:13 DAGMAN_MAX_JOBS_SUBMITTED setting: 0
10/29/24 14:17:13 DAGMAN_MAX_PRE_SCRIPTS setting: 20
10/29/24 14:17:13 DAGMAN_MAX_POST_SCRIPTS setting: 20
10/29/24 14:17:13 DAGMAN_MAX_HOLD_SCRIPTS setting: 20
10/29/24 14:17:13 DAGMAN_MUNGE_NODE_NAMES setting: True
10/29/24 14:17:13 DAGMAN_PROHIBIT_MULTI_JOBS setting: False
10/29/24 14:17:13 DAGMAN_SUBMIT_DEPTH_FIRST setting: False
10/29/24 14:17:13 DAGMAN_ALWAYS_RUN_POST setting: False
10/29/24 14:17:13 DAGMAN_CONDOR_SUBMIT_EXE setting: /usr/bin/condor_submit
10/29/24 14:17:13 DAGMAN_CONDOR_RM_EXE setting: /usr/bin/condor_rm
10/29/24 14:17:13 DAGMAN_USE_DIRECT_SUBMIT setting: True
10/29/24 14:17:13 DAGMAN_PRODUCE_JOB_CREDENTIALS setting: True
10/29/24 14:17:13 DAGMAN_DEFAULT_APPEND_VARS setting: False
10/29/24 14:17:13 DAGMAN_ABORT_DUPLICATES setting: True
10/29/24 14:17:13 DAGMAN_ABORT_ON_SCARY_SUBMIT setting: True
10/29/24 14:17:13 DAGMAN_PENDING_REPORT_INTERVAL setting: 600
10/29/24 14:17:13 DAGMAN_CHECK_QUEUE_INTERVAL setting: 28800
10/29/24 14:17:13 DAGMAN_AUTO_RESCUE setting: True
10/29/24 14:17:13 DAGMAN_MAX_RESCUE_NUM setting: 100
10/29/24 14:17:13 DAGMAN_WRITE_PARTIAL_RESCUE setting: True
10/29/24 14:17:13 DAGMAN_DEFAULT_NODE_LOG setting: @(DAG_DIR)/@(DAG_FILE).nodes.log
10/29/24 14:17:13 DAGMAN_GENERATE_SUBDAG_SUBMITS setting: True
10/29/24 14:17:13 DAGMAN_MAX_JOB_HOLDS setting: 100
10/29/24 14:17:13 DAGMAN_HOLD_CLAIM_TIME setting: 20
10/29/24 14:17:13 DAGMAN_SUPPRESS_JOB_LOGS setting: False
10/29/24 14:17:13 DAGMAN_REMOVE_NODE_JOBS setting: True
10/29/24 14:17:13 DAGMAN_REMOVE_JOBS_AFTER_LIMIT_CHANGE setting: False
10/29/24 14:17:13 DAGMAN will adjust edges after parsing
10/29/24 14:17:13 argv[0] == "condor_scheduniv_exec.621.0"
10/29/24 14:17:13 argv[1] == "-Lockfile"
10/29/24 14:17:13 argv[2] == "Generic_Run_Step.dag.lock"
10/29/24 14:17:13 argv[3] == "-Dag"
10/29/24 14:17:13 argv[4] == "Generic_Run_Step.dag"
10/29/24 14:17:13 argv[5] == "-MaxIdle"
10/29/24 14:17:13 argv[6] == "1000"
10/29/24 14:17:13 argv[7] == "-CsdVersion"
10/29/24 14:17:13 argv[8] == "$CondorVersion: 23.9.6 2024-08-08 BuildID: 748275 PackageID: 23.9.6-1.1 GitSHA: dfdd9eaa $"
10/29/24 14:17:13 argv[9] == "-dagman"
10/29/24 14:17:13 argv[10] == "/usr/bin/condor_dagman"
10/29/24 14:17:13 argv[11] == "-AutoRescue"
10/29/24 14:17:13 argv[12] == "1"
10/29/24 14:17:13 argv[13] == "-DoRescueFrom"
10/29/24 14:17:13 argv[14] == "0"
10/29/24 14:17:13 Workflow batch-id: <621.0>
10/29/24 14:17:13 Workflow batch-name: <Generic_Run_Step.dag+621>
10/29/24 14:17:13 Workflow accounting_group: <>
10/29/24 14:17:13 Workflow accounting_group_user: <>
10/29/24 14:17:13 Warning: failed to get attribute DAGNodeName
10/29/24 14:17:13 DAGMAN_LOG_ON_NFS_IS_ERROR setting: False
10/29/24 14:17:13 Default node log file is: </home/jakeymac/5d39de368cbd4bb68cca3e9e3cd9832f/./Generic_Run_Step.dag.nodes.log>
10/29/24 14:17:13 DAG Lockfile will be written to Generic_Run_Step.dag.lock
10/29/24 14:17:13 DAG Input file is Generic_Run_Step.dag
10/29/24 14:17:13 Parsing 1 dagfiles
10/29/24 14:17:13 Parsing Generic_Run_Step.dag ...
10/29/24 14:17:13 Adjusting edges
10/29/24 14:17:13 Warning: category generic_job has no throttle value set
10/29/24 14:17:13 Dag contains 3 total jobs
10/29/24 14:17:13 Bootstrapping...
10/29/24 14:17:13 Number of pre-completed nodes: 0
10/29/24 14:17:13 MultiLogFiles: truncating log file /home/jakeymac/5d39de368cbd4bb68cca3e9e3cd9832f/./Generic_Run_Step.dag.nodes.log
10/29/24 14:17:13 DAG status: 0 (DAG_STATUS_OK)
10/29/24 14:17:13 Of 3 nodes total:
10/29/24 14:17:13  Done     Pre   Queued    Post   Ready   Un-Ready   Failed   Futile
10/29/24 14:17:13   ===     ===      ===     ===     ===        ===      ===      ===
10/29/24 14:17:13     0       0        0       0       1          2        0        0
10/29/24 14:17:13 0 job proc(s) currently held
10/29/24 14:17:13 DAGMan Runtime Statistics: [EventCycleTimeCount = 0.0; EventCycleTimeSum = 0.0; LogProcessCycleTimeCount = 0.0; LogProcessCycleTimeSum = 0.0; SleepCycleTimeCount = 0.0; SleepCycleTimeSum = 0.0; SubmitCycleTimeCount = 0.0; SubmitCycleTimeSum = 0.0; ]
10/29/24 14:17:13 Registering condor_event_timer...
10/29/24 14:17:14 Submitting HTCondor Node run_testJames job(s)...
10/29/24 14:17:14 Submitting node run_testJames from file run_testJames/run_testJames.job using direct job submission
10/29/24 14:17:14 	assigned HTCondor ID (622.0.0)
10/29/24 14:17:14 Just submitted 1 job this cycle...
10/29/24 14:17:14 DAG status: 0 (DAG_STATUS_OK)
10/29/24 14:17:14 Of 3 nodes total:
10/29/24 14:17:14  Done     Pre   Queued    Post   Ready   Un-Ready   Failed   Futile
10/29/24 14:17:14   ===     ===      ===     ===     ===        ===      ===      ===
10/29/24 14:17:14     0       0        1       0       0          2        0        0
10/29/24 14:17:14 0 job proc(s) currently held
10/29/24 14:17:14 DAGMan Runtime Statistics: [EventCycleTimeCount = 0.0; EventCycleTimeSum = 0.0; LogProcessCycleTimeCount = 0.0; LogProcessCycleTimeSum = 0.0; SleepCycleTimeCount = 0.0; SleepCycleTimeSum = 0.0; SubmitCycleTimeAvg = 0.01187992095947266; SubmitCycleTimeCount = 1.0; SubmitCycleTimeMax = 0.01187992095947266; SubmitCycleTimeMin = 0.01187992095947266; SubmitCycleTimeStd = 0.01187992095947266; SubmitCycleTimeSum = 0.01187992095947266; ]
10/29/24 14:17:19 Currently monitoring 1 HTCondor log file(s)
10/29/24 14:17:19 Reassigning the id of job run_testJames from (622.0.0) to (622.0.0)
10/29/24 14:17:19 Event: ULOG_SUBMIT for HTCondor Node run_testJames (622.0.0) {10/29/24 14:17:14}
10/29/24 14:17:19 Number of idle job procs: 1
10/29/24 14:17:24 Currently monitoring 1 HTCondor log file(s)
10/29/24 14:17:24 Event: ULOG_EXECUTE for HTCondor Node run_testJames (622.0.0) {10/29/24 14:17:20}
10/29/24 14:17:24 Number of idle job procs: 0
10/29/24 14:17:24 Event: ULOG_JOB_TERMINATED for HTCondor Node run_testJames (622.0.0) {10/29/24 14:17:21}
10/29/24 14:17:24 Number of idle job procs: 0
10/29/24 14:17:24 Node run_testJames job proc (622.0.0) completed successfully.
10/29/24 14:17:24 Node run_testJames job completed
10/29/24 14:17:24 DAG status: 0 (DAG_STATUS_OK)
10/29/24 14:17:24 Of 3 nodes total:
10/29/24 14:17:24  Done     Pre   Queued    Post   Ready   Un-Ready   Failed   Futile
10/29/24 14:17:24   ===     ===      ===     ===     ===        ===      ===      ===
10/29/24 14:17:24     1       0        0       0       1          1        0        0
10/29/24 14:17:24 0 job proc(s) currently held
10/29/24 14:17:24 DAGMan Runtime Statistics: [EventCycleTimeAvg = 0.006050586700439453; EventCycleTimeCount = 2.0; EventCycleTimeMax = 0.01200008392333984; EventCycleTimeMin = 0.0001010894775390625; EventCycleTimeStd = 0.008413859661926797; EventCycleTimeSum = 0.01210117340087891; LogProcessCycleTimeAvg = 0.0001150369644165039; LogProcessCycleTimeCount = 2.0; LogProcessCycleTimeMax = 0.0001420974731445312; LogProcessCycleTimeMin = 8.797645568847656E-05; LogProcessCycleTimeStd = 3.826933844789178E-05; LogProcessCycleTimeSum = 0.0002300739288330078; SleepCycleTimeAvg = 5.001857399940491; SleepCycleTimeCount = 2.0; SleepCycleTimeMax = 5.00258994102478; SleepCycleTimeMin = 5.001124858856201; SleepCycleTimeStd = 0.001035969536397775; SleepCycleTimeSum = 10.00371479988098; SubmitCycleTimeAvg = 0.003960688908894856; SubmitCycleTimeCount = 3.0; SubmitCycleTimeMax = 0.01187992095947266; SubmitCycleTimeMin = 9.5367431640625E-07; SubmitCycleTimeStd = 0.006858256135300347; SubmitCycleTimeSum = 0.01188206672668457; ]
10/29/24 14:17:29 Submitting HTCondor Node post_processing job(s)...
10/29/24 14:17:29 Submitting node post_processing from file post_processing/post_processing.job using direct job submission
10/29/24 14:17:29 	assigned HTCondor ID (623.0.0)
10/29/24 14:17:29 Just submitted 1 job this cycle...
10/29/24 14:17:29 DAG status: 0 (DAG_STATUS_OK)
10/29/24 14:17:29 Of 3 nodes total:
10/29/24 14:17:29  Done     Pre   Queued    Post   Ready   Un-Ready   Failed   Futile
10/29/24 14:17:29   ===     ===      ===     ===     ===        ===      ===      ===
10/29/24 14:17:29     1       0        1       0       0          1        0        0
10/29/24 14:17:29 0 job proc(s) currently held
10/29/24 14:17:29 DAGMan Runtime Statistics: [EventCycleTimeAvg = 0.004116376241048177; EventCycleTimeCount = 3.0; EventCycleTimeMax = 0.01200008392333984; EventCycleTimeMin = 0.0001010894775390625; EventCycleTimeStd = 0.006827886020501169; EventCycleTimeSum = 0.01234912872314453; LogProcessCycleTimeAvg = 0.0001150369644165039; LogProcessCycleTimeCount = 2.0; LogProcessCycleTimeMax = 0.0001420974731445312; LogProcessCycleTimeMin = 8.797645568847656E-05; LogProcessCycleTimeStd = 3.826933844789178E-05; LogProcessCycleTimeSum = 0.0002300739288330078; SleepCycleTimeAvg = 5.002957264582316; SleepCycleTimeCount = 3.0; SleepCycleTimeMax = 5.005156993865967; SleepCycleTimeMin = 5.001124858856201; SleepCycleTimeStd = 0.002041010320024871; SleepCycleTimeSum = 15.00887179374695; SubmitCycleTimeAvg = 0.006048023700714111; SubmitCycleTimeCount = 4.0; SubmitCycleTimeMax = 0.01231002807617188; SubmitCycleTimeMin = 9.5367431640625E-07; SubmitCycleTimeStd = 0.006984624848728796; SubmitCycleTimeSum = 0.02419209480285645; ]
10/29/24 14:17:34 Currently monitoring 1 HTCondor log file(s)
10/29/24 14:17:34 Reassigning the id of job post_processing from (623.0.0) to (623.0.0)
10/29/24 14:17:34 Event: ULOG_SUBMIT for HTCondor Node post_processing (623.0.0) {10/29/24 14:17:29}
10/29/24 14:17:34 Number of idle job procs: 1
10/29/24 14:17:34 Event: ULOG_EXECUTE for HTCondor Node post_processing (623.0.0) {10/29/24 14:17:30}
10/29/24 14:17:34 Number of idle job procs: 0
10/29/24 14:17:34 Event: ULOG_JOB_TERMINATED for HTCondor Node post_processing (623.0.0) {10/29/24 14:17:32}
10/29/24 14:17:34 Number of idle job procs: 0
10/29/24 14:17:34 Node post_processing job proc (623.0.0) completed successfully.
10/29/24 14:17:34 Node post_processing job completed
10/29/24 14:17:34 DAG status: 0 (DAG_STATUS_OK)
10/29/24 14:17:34 Of 3 nodes total:
10/29/24 14:17:34  Done     Pre   Queued    Post   Ready   Un-Ready   Failed   Futile
10/29/24 14:17:34   ===     ===      ===     ===     ===        ===      ===      ===
10/29/24 14:17:34     2       0        0       0       1          0        0        0
10/29/24 14:17:34 0 job proc(s) currently held
10/29/24 14:17:34 DAGMan Runtime Statistics: [EventCycleTimeAvg = 0.006197810173034668; EventCycleTimeCount = 4.0; EventCycleTimeMax = 0.01244211196899414; EventCycleTimeMin = 0.0001010894775390625; EventCycleTimeStd = 0.006957692662959647; EventCycleTimeSum = 0.02479124069213867; LogProcessCycleTimeAvg = 0.0001310507456461588; LogProcessCycleTimeCount = 3.0; LogProcessCycleTimeMax = 0.0001630783081054688; LogProcessCycleTimeMin = 8.797645568847656E-05; LogProcessCycleTimeStd = 3.875041548723567E-05; LogProcessCycleTimeSum = 0.0003931522369384766; SleepCycleTimeAvg = 5.003513216972351; SleepCycleTimeCount = 4.0; SleepCycleTimeMax = 5.005181074142456; SleepCycleTimeMin = 5.001124858856201; SleepCycleTimeStd = 0.002003367413647783; SleepCycleTimeSum = 20.0140528678894; SubmitCycleTimeAvg = 0.004838800430297852; SubmitCycleTimeCount = 5.0; SubmitCycleTimeMax = 0.01231002807617188; SubmitCycleTimeMin = 9.5367431640625E-07; SubmitCycleTimeStd = 0.006625695646246573; SubmitCycleTimeSum = 0.02419400215148926; ]
10/29/24 14:17:39 Submitting HTCondor Node finalize job(s)...
10/29/24 14:17:39 Submitting node finalize from file finalize/finalize.job using direct job submission
10/29/24 14:17:39 	assigned HTCondor ID (624.0.0)
10/29/24 14:17:39 Just submitted 1 job this cycle...
10/29/24 14:17:39 DAG status: 0 (DAG_STATUS_OK)
10/29/24 14:17:39 Of 3 nodes total:
10/29/24 14:17:39  Done     Pre   Queued    Post   Ready   Un-Ready   Failed   Futile
10/29/24 14:17:39   ===     ===      ===     ===     ===        ===      ===      ===
10/29/24 14:17:39     2       0        1       0       0          0        0        0
10/29/24 14:17:39 0 job proc(s) currently held
10/29/24 14:17:39 DAGMan Runtime Statistics: [EventCycleTimeAvg = 0.005009222030639649; EventCycleTimeCount = 5.0; EventCycleTimeMax = 0.01244211196899414; EventCycleTimeMin = 0.0001010894775390625; EventCycleTimeStd = 0.006585652910331829; EventCycleTimeSum = 0.02504611015319824; LogProcessCycleTimeAvg = 0.0001310507456461588; LogProcessCycleTimeCount = 3.0; LogProcessCycleTimeMax = 0.0001630783081054688; LogProcessCycleTimeMin = 8.797645568847656E-05; LogProcessCycleTimeStd = 3.875041548723567E-05; LogProcessCycleTimeSum = 0.0003931522369384766; SleepCycleTimeAvg = 5.003825759887695; SleepCycleTimeCount = 5.0; SleepCycleTimeMax = 5.005181074142456; SleepCycleTimeMin = 5.001124858856201; SleepCycleTimeStd = 0.001870434739818333; SleepCycleTimeSum = 25.01912879943848; SubmitCycleTimeAvg = 0.006366848945617676; SubmitCycleTimeCount = 6.0; SubmitCycleTimeMax = 0.0140070915222168; SubmitCycleTimeMin = 9.5367431640625E-07; SubmitCycleTimeStd = 0.007009241601512916; SubmitCycleTimeSum = 0.03820109367370605; ]
10/29/24 14:17:44 Currently monitoring 1 HTCondor log file(s)
10/29/24 14:17:44 Reassigning the id of job finalize from (624.0.0) to (624.0.0)
10/29/24 14:17:44 Event: ULOG_SUBMIT for HTCondor Node finalize (624.0.0) {10/29/24 14:17:39}
10/29/24 14:17:44 Number of idle job procs: 1
10/29/24 14:17:44 Event: ULOG_EXECUTE for HTCondor Node finalize (624.0.0) {10/29/24 14:17:40}
10/29/24 14:17:44 Number of idle job procs: 0
10/29/24 14:17:44 Event: ULOG_JOB_TERMINATED for HTCondor Node finalize (624.0.0) {10/29/24 14:17:42}
10/29/24 14:17:44 Number of idle job procs: 0
10/29/24 14:17:44 Node finalize job proc (624.0.0) completed successfully.
10/29/24 14:17:44 Node finalize job completed
10/29/24 14:17:44 DAG status: 0 (DAG_STATUS_OK)
10/29/24 14:17:44 Of 3 nodes total:
10/29/24 14:17:44  Done     Pre   Queued    Post   Ready   Un-Ready   Failed   Futile
10/29/24 14:17:44   ===     ===      ===     ===     ===        ===      ===      ===
10/29/24 14:17:44     3       0        0       0       0          0        0        0
10/29/24 14:17:44 0 job proc(s) currently held
10/29/24 14:17:44 DAGMan Runtime Statistics: [EventCycleTimeAvg = 0.006530880928039551; EventCycleTimeCount = 6.0; EventCycleTimeMax = 0.01413917541503906; EventCycleTimeMin = 0.0001010894775390625; EventCycleTimeStd = 0.006970605009933312; EventCycleTimeSum = 0.0391852855682373; LogProcessCycleTimeAvg = 0.0001432895660400391; LogProcessCycleTimeCount = 4.0; LogProcessCycleTimeMax = 0.0001800060272216797; LogProcessCycleTimeMin = 8.797645568847656E-05; LogProcessCycleTimeStd = 4.000272530911979E-05; LogProcessCycleTimeSum = 0.0005731582641601562; SleepCycleTimeAvg = 5.004037936528523; SleepCycleTimeCount = 6.0; SleepCycleTimeMax = 5.005181074142456; SleepCycleTimeMin = 5.001124858856201; SleepCycleTimeStd = 0.00175183745123263; SleepCycleTimeSum = 30.02422761917114; SubmitCycleTimeAvg = 0.005457571574619838; SubmitCycleTimeCount = 7.0; SubmitCycleTimeMax = 0.0140070915222168; SubmitCycleTimeMin = 9.5367431640625E-07; SubmitCycleTimeStd = 0.006835840881133593; SubmitCycleTimeSum = 0.03820300102233887; ]
10/29/24 14:17:44 All jobs Completed!
10/29/24 14:17:44 Note: 0 total job deferrals because of -MaxJobs limit (0)
10/29/24 14:17:44 Note: 0 total job deferrals because of -MaxIdle limit (1000)
10/29/24 14:17:44 Note: 0 total job deferrals because of node category throttles
10/29/24 14:17:44 Note: 0 total PRE script deferrals because of -MaxPre limit (20) or DEFER
10/29/24 14:17:44 Note: 0 total POST script deferrals because of -MaxPost limit (20) or DEFER
10/29/24 14:17:44 Note: 0 total HOLD script deferrals because of -MaxHold limit (20) or DEFER
10/29/24 14:17:44 DAG status: 0 (DAG_STATUS_OK)
10/29/24 14:17:44 Of 3 nodes total:
10/29/24 14:17:44  Done     Pre   Queued    Post   Ready   Un-Ready   Failed   Futile
10/29/24 14:17:44   ===     ===      ===     ===     ===        ===      ===      ===
10/29/24 14:17:44     3       0        0       0       0          0        0        0
10/29/24 14:17:44 0 job proc(s) currently held
10/29/24 14:17:44 DAGMan Runtime Statistics: [EventCycleTimeAvg = 0.006530880928039551; EventCycleTimeCount = 6.0; EventCycleTimeMax = 0.01413917541503906; EventCycleTimeMin = 0.0001010894775390625; EventCycleTimeStd = 0.006970605009933312; EventCycleTimeSum = 0.0391852855682373; LogProcessCycleTimeAvg = 0.0001432895660400391; LogProcessCycleTimeCount = 4.0; LogProcessCycleTimeMax = 0.0001800060272216797; LogProcessCycleTimeMin = 8.797645568847656E-05; LogProcessCycleTimeStd = 4.000272530911979E-05; LogProcessCycleTimeSum = 0.0005731582641601562; SleepCycleTimeAvg = 5.004037936528523; SleepCycleTimeCount = 6.0; SleepCycleTimeMax = 5.005181074142456; SleepCycleTimeMin = 5.001124858856201; SleepCycleTimeStd = 0.00175183745123263; SleepCycleTimeSum = 30.02422761917114; SubmitCycleTimeAvg = 0.005457571574619838; SubmitCycleTimeCount = 7.0; SubmitCycleTimeMax = 0.0140070915222168; SubmitCycleTimeMin = 9.5367431640625E-07; SubmitCycleTimeStd = 0.006835840881133593; SubmitCycleTimeSum = 0.03820300102233887; ]
10/29/24 14:17:44 Wrote metrics file Generic_Run_Step.dag.metrics.
10/29/24 14:17:44 DAGMan Runtime Statistics: [EventCycleTimeAvg = 0.006530880928039551; EventCycleTimeCount = 6.0; EventCycleTimeMax = 0.01413917541503906; EventCycleTimeMin = 0.0001010894775390625; EventCycleTimeStd = 0.006970605009933312; EventCycleTimeSum = 0.0391852855682373; LogProcessCycleTimeAvg = 0.0001432895660400391; LogProcessCycleTimeCount = 4.0; LogProcessCycleTimeMax = 0.0001800060272216797; LogProcessCycleTimeMin = 8.797645568847656E-05; LogProcessCycleTimeStd = 4.000272530911979E-05; LogProcessCycleTimeSum = 0.0005731582641601562; SleepCycleTimeAvg = 5.004037936528523; SleepCycleTimeCount = 6.0; SleepCycleTimeMax = 5.005181074142456; SleepCycleTimeMin = 5.001124858856201; SleepCycleTimeStd = 0.00175183745123263; SleepCycleTimeSum = 30.02422761917114; SubmitCycleTimeAvg = 0.005457571574619838; SubmitCycleTimeCount = 7.0; SubmitCycleTimeMax = 0.0140070915222168; SubmitCycleTimeMin = 9.5367431640625E-07; SubmitCycleTimeStd = 0.006835840881133593; SubmitCycleTimeSum = 0.03820300102233887; ]
10/29/24 14:17:44 **** condor_scheduniv_exec.621.0 (condor_DAGMAN) pid 193182 EXITING WITH STATUS 0
